\BOOKMARK [1][-]{section.1}{Introduction}{}% 1
\BOOKMARK [1][-]{section.2}{Materials \046 Methods}{}% 2
\BOOKMARK [2][-]{subsection.2.1}{Subjects}{section.2}% 3
\BOOKMARK [2][-]{subsection.2.2}{Data collection}{section.2}% 4
\BOOKMARK [3][-]{subsubsection.2.2.1}{Shelter behaviour}{subsection.2.2}% 5
\BOOKMARK [3][-]{subsubsection.2.2.2}{Post-adoption behaviour}{subsection.2.2}% 6
\BOOKMARK [2][-]{subsection.2.3}{Statistical analysis}{section.2}% 7
\BOOKMARK [3][-]{subsubsection.2.3.1}{Theoretical approach}{subsection.2.3}% 8
\BOOKMARK [3][-]{subsubsection.2.3.2}{Joint modelling}{subsection.2.3}% 9
\BOOKMARK [3][-]{subsubsection.2.3.3}{Predictor variables}{subsection.2.3}% 10
\BOOKMARK [3][-]{subsubsection.2.3.4}{Estimation \046 inference}{subsection.2.3}% 11
\BOOKMARK [2][-]{subsection.2.4}{Ethical statement}{section.2}% 12
\BOOKMARK [2][-]{subsection.2.5}{Data \046 code accessibility}{section.2}% 13
\BOOKMARK [1][-]{section.3}{Results}{}% 14
\BOOKMARK [2][-]{subsection.3.1}{Average behaviour}{section.3}% 15
\BOOKMARK [2][-]{subsection.3.2}{Variation across contexts}{section.3}% 16
\BOOKMARK [2][-]{subsection.3.3}{Interaction between dogs and contexts}{section.3}% 17
\BOOKMARK [2][-]{subsection.3.4}{Random effect correlations}{section.3}% 18
\BOOKMARK [2][-]{subsection.3.5}{Individual-level prediction of post-adoption behaviour}{section.3}% 19
\BOOKMARK [2][-]{subsection.3.6}{Dog-level predictors}{section.3}% 20
\BOOKMARK [1][-]{section.4}{Discussion}{}% 21
\BOOKMARK [1][-]{section.5}{Conclusion}{}% 22
